<?xml version="1.0" encoding="UTF-8"?>
<testng-results ignored="0" total="1" passed="1" failed="0" skipped="0">
  <reporter-output>
    <line>
      <![CDATA[https://demo.actitime.com/login.do]]>
    </line>
    <line>
      <![CDATA[actiTIME - Login]]>
    </line>
    <line>
      <![CDATA[A1]]>
    </line>
    <line>
      <![CDATA[admin]]>
    </line>
  </reporter-output>
  <suite started-at="2022-03-07T02:39:43Z" name="Default suite" finished-at="2022-03-07T02:39:57Z" duration-ms="14517">
    <groups>
    </groups>
    <test started-at="2022-03-07T02:39:43Z" name="Default test" finished-at="2022-03-07T02:39:57Z" duration-ms="14517">
      <class name="script.Test1">
        <test-method is-config="true" signature="openApp()[pri:0, instance:script.Test1@2b46a8c1]" started-at="2022-03-07T02:39:43Z" name="openApp" finished-at="2022-03-07T02:39:52Z" duration-ms="9421" status="PASS">
          <reporter-output>
          </reporter-output>
        </test-method> <!-- openApp -->
        <test-method signature="testA()[pri:0, instance:script.Test1@2b46a8c1]" started-at="2022-03-07T02:39:52Z" name="testA" finished-at="2022-03-07T02:39:53Z" duration-ms="876" status="PASS">
          <reporter-output>
            <line>
              <![CDATA[https://demo.actitime.com/login.do]]>
            </line>
            <line>
              <![CDATA[actiTIME - Login]]>
            </line>
            <line>
              <![CDATA[A1]]>
            </line>
            <line>
              <![CDATA[admin]]>
            </line>
          </reporter-output>
        </test-method> <!-- testA -->
        <test-method is-config="true" signature="closeApp()[pri:0, instance:script.Test1@2b46a8c1]" started-at="2022-03-07T02:39:53Z" name="closeApp" finished-at="2022-03-07T02:39:57Z" duration-ms="4199" status="PASS">
          <reporter-output>
          </reporter-output>
        </test-method> <!-- closeApp -->
      </class> <!-- script.Test1 -->
    </test> <!-- Default test -->
  </suite> <!-- Default suite -->
</testng-results>
